<?xml version="1.0" encoding="UTF-8"?>
<testng-results skipped="0" failed="0" ignored="2" total="3" passed="1">
  <reporter-output>
  </reporter-output>
  <suite name="Default suite" duration-ms="29476" started-at="2018-03-27T00:52:24Z" finished-at="2018-03-27T00:52:54Z">
    <groups>
    </groups>
    <test name="Default test" duration-ms="29476" started-at="2018-03-27T00:52:24Z" finished-at="2018-03-27T00:52:54Z">
      <class name="tests.CommentCheck">
        <test-method status="PASS" signature="recordCommentsWithBlockedWords()[pri:0, instance:tests.CommentCheck@1500955a]" name="recordCommentsWithBlockedWords" duration-ms="29436" started-at="2018-03-26T20:52:24Z" finished-at="2018-03-26T20:52:54Z">
          <reporter-output>
          </reporter-output>
        </test-method> <!-- recordCommentsWithBlockedWords -->
      </class> <!-- tests.CommentCheck -->
    </test> <!-- Default test -->
  </suite> <!-- Default suite -->
</testng-results>
