<?xml version="1.0" encoding="UTF-8"?>
<!-- Generated by org.testng.reporters.JUnitXMLReporter -->
<testsuite hostname="Lenovo-PC" ignored="2" name="Default test" tests="1" failures="0" timestamp="27 Mar 2018 00:52:54 GMT" time="29.476" errors="0">
  <testcase name="recordCommentsWithBlockedWords" time="29.436" classname="tests.CommentCheck"/>
  <testcase name="openFacebookLoginPage" time="0.0" classname="tests.CommentCheck">
    <ignored/>
  </testcase> <!-- openFacebookLoginPage -->
  <testcase name="recordPostComments" time="0.0" classname="tests.CommentCheck">
    <ignored/>
  </testcase> <!-- recordPostComments -->
</testsuite> <!-- Default test -->
